#
# There is insufficient memory for the Java Runtime Environment to continue.
# Native memory allocation (malloc) failed to allocate 1330392 bytes. Error detail: Chunk::new
# Possible reasons:
#   The system is out of physical RAM or swap space
#   This process is running with CompressedOops enabled, and the Java Heap may be blocking the growth of the native heap
# Possible solutions:
#   Reduce memory load on the system
#   Increase physical memory or swap space
#   Check if swap backing store is full
#   Decrease Java heap size (-Xmx/-Xms)
#   Decrease number of Java threads
#   Decrease Java thread stack sizes (-Xss)
#   Set larger code cache with -XX:ReservedCodeCacheSize=
#   JVM is running with Unscaled Compressed Oops mode in which the Java heap is
#     placed in the first 4GB address space. The Java Heap base address is the
#     maximum limit for the native heap growth. Please use -XX:HeapBaseMinAddress
#     to set the Java Heap base and to place the Java Heap above 4GB virtual address.
# This output file may be truncated or incomplete.
#
#  Out of Memory Error (arena.cpp:186), pid=21508, tid=25692
#
# JRE version: OpenJDK Runtime Environment Temurin-25.0.2+10 (25.0.2+10) (build 25.0.2+10-LTS)
# Java VM: OpenJDK 64-Bit Server VM Temurin-25.0.2+10 (25.0.2+10-LTS, mixed mode, sharing, tiered, compressed oops, compressed class ptrs, g1 gc, windows-amd64)
# No core dump will be written. Minidumps are not enabled by default on client versions of Windows
#

---------------  S U M M A R Y ------------

Command Line: --add-opens=java.base/java.lang=ALL-UNNAMED --add-opens=java.base/java.lang.invoke=ALL-UNNAMED --add-opens=java.base/java.util=ALL-UNNAMED --add-opens=java.prefs/java.util.prefs=ALL-UNNAMED --add-exports=jdk.compiler/com.sun.tools.javac.api=ALL-UNNAMED --add-exports=jdk.compiler/com.sun.tools.javac.util=ALL-UNNAMED --add-opens=java.base/java.util=ALL-UNNAMED --add-opens=java.prefs/java.util.prefs=ALL-UNNAMED --add-opens=java.base/java.nio.charset=ALL-UNNAMED --add-opens=java.base/java.net=ALL-UNNAMED --add-opens=java.base/java.util.concurrent.atomic=ALL-UNNAMED --add-opens=java.xml/javax.xml.namespace=ALL-UNNAMED -Xmx2048m -Dfile.encoding=UTF-8 -Duser.country=ES -Duser.language=es -Duser.variant -javaagent:C:\Users\aleja\.gradle\wrapper\dists\gradle-8.12-bin\cetblhg4pflnnks72fxwobvgv\gradle-8.12\lib\agents\gradle-instrumentation-agent-8.12.jar org.gradle.launcher.daemon.bootstrap.GradleDaemon 8.12

Host: 11th Gen Intel(R) Core(TM) i5-11400H @ 2.70GHz, 12 cores, 15G,  Windows 11 , 64 bit Build 26100 (10.0.26100.8246)
Time: Mon May 11 21:35:18 2026 Hora de verano romance elapsed time: 35.098276 seconds (0d 0h 0m 35s)

---------------  T H R E A D  ---------------

Current thread (0x00000223be654050):  JavaThread "C2 CompilerThread0" daemon [_thread_in_native, id=25692, stack(0x000000e643a00000,0x000000e643b00000) (1024K)]


Current CompileTask:
C2:35098 3704       4       jdk.internal.classfile.impl.SplitConstantPool::fieldRefEntry (72 bytes)

Stack: [0x000000e643a00000,0x000000e643b00000]
Native frames: (J=compiled Java code, j=interpreted, Vv=VM code, C=native code)
V  [jvm.dll+0x7a8bc9]  (no source info available)
V  [jvm.dll+0x77310d]  (no source info available)
V  [jvm.dll+0x9f55f3]  (no source info available)
V  [jvm.dll+0x9f7be1]  (no source info available)
V  [jvm.dll+0x9f82f3]  (no source info available)
V  [jvm.dll+0x2fce26]  (no source info available)
V  [jvm.dll+0x111076]  (no source info available)
V  [jvm.dll+0x11139e]  (no source info available)
V  [jvm.dll+0x19fff2]  (no source info available)
V  [jvm.dll+0x3b5f62]  (no source info available)
V  [jvm.dll+0x7ae53c]  (no source info available)
V  [jvm.dll+0x2c0407]  (no source info available)
V  [jvm.dll+0x2bf3cf]  (no source info available)
V  [jvm.dll+0x237140]  (no source info available)
V  [jvm.dll+0x2cf4c6]  (no source info available)
V  [jvm.dll+0x2cd74a]  (no source info available)
V  [jvm.dll+0x48fbee]  (no source info available)
V  [jvm.dll+0x996b0d]  (no source info available)
V  [jvm.dll+0x7a71a5]  (no source info available)
C  [ucrtbase.dll+0x37b0]  (no source info available)
C  [KERNEL32.DLL+0x2e8d7]  (no source info available)
C  [ntdll.dll+0x8c3fc]  (no source info available)

Lock stack of current Java thread (top to bottom):


---------------  P R O C E S S  ---------------

Threads class SMR info:
_java_thread_list=0x00000223c752df30, length=29, elements={
0x00000223a12acb20, 0x00000223be62ce50, 0x00000223be62d8b0, 0x00000223be632870,
0x00000223be633690, 0x00000223be633e50, 0x00000223be634ca0, 0x00000223be654050,
0x00000223be65a390, 0x00000223bea737b0, 0x00000223beb65af0, 0x00000223c4540b60,
0x00000223c4668530, 0x00000223c46d10c0, 0x00000223c4a690a0, 0x00000223c4951ed0,
0x00000223c494eff0, 0x00000223c4950760, 0x00000223c4952e70, 0x00000223c4950f30,
0x00000223c4951700, 0x00000223c494f7c0, 0x00000223c4956520, 0x00000223c487fd50,
0x00000223c4882c30, 0x00000223c4883400, 0x00000223c48843a0, 0x00000223c4ad16b0,
0x00000223c4acefa0
}

Java Threads: ( => current thread )
  0x00000223a12acb20 JavaThread "main"                              [_thread_blocked, id=28708, stack(0x000000e642c00000,0x000000e642d00000) (1024K)]
  0x00000223be62ce50 JavaThread "Reference Handler"          daemon [_thread_blocked, id=10316, stack(0x000000e643400000,0x000000e643500000) (1024K)]
  0x00000223be62d8b0 JavaThread "Finalizer"                  daemon [_thread_blocked, id=33592, stack(0x000000e643500000,0x000000e643600000) (1024K)]
  0x00000223be632870 JavaThread "Signal Dispatcher"          daemon [_thread_blocked, id=17212, stack(0x000000e643600000,0x000000e643700000) (1024K)]
  0x00000223be633690 JavaThread "Attach Listener"            daemon [_thread_blocked, id=17640, stack(0x000000e643700000,0x000000e643800000) (1024K)]
  0x00000223be633e50 JavaThread "Service Thread"             daemon [_thread_blocked, id=37364, stack(0x000000e643800000,0x000000e643900000) (1024K)]
  0x00000223be634ca0 JavaThread "Monitor Deflation Thread"   daemon [_thread_blocked, id=25608, stack(0x000000e643900000,0x000000e643a00000) (1024K)]
=>0x00000223be654050 JavaThread "C2 CompilerThread0"         daemon [_thread_in_native, id=25692, stack(0x000000e643a00000,0x000000e643b00000) (1024K)]
  0x00000223be65a390 JavaThread "C1 CompilerThread0"         daemon [_thread_blocked, id=35084, stack(0x000000e643b00000,0x000000e643c00000) (1024K)]
  0x00000223bea737b0 JavaThread "Common-Cleaner"             daemon [_thread_blocked, id=32172, stack(0x000000e643c00000,0x000000e643d00000) (1024K)]
  0x00000223beb65af0 JavaThread "Notification Thread"        daemon [_thread_blocked, id=25440, stack(0x000000e643d00000,0x000000e643e00000) (1024K)]
  0x00000223c4540b60 JavaThread "Daemon health stats"               [_thread_blocked, id=16788, stack(0x000000e643e00000,0x000000e643f00000) (1024K)]
  0x00000223c4668530 JavaThread "Incoming local TCP Connector on port 3897"        [_thread_in_native, id=14500, stack(0x000000e644400000,0x000000e644500000) (1024K)]
  0x00000223c46d10c0 JavaThread "Daemon periodic checks"            [_thread_blocked, id=32072, stack(0x000000e644500000,0x000000e644600000) (1024K)]
  0x00000223c4a690a0 JavaThread "Daemon"                            [_thread_blocked, id=34732, stack(0x000000e644700000,0x000000e644800000) (1024K)]
  0x00000223c4951ed0 JavaThread "Handler for socket connection from /127.0.0.1:3897 to /127.0.0.1:3898"        [_thread_in_native, id=16856, stack(0x000000e644800000,0x000000e644900000) (1024K)]
  0x00000223c494eff0 JavaThread "Cancel handler"                    [_thread_blocked, id=28736, stack(0x000000e644900000,0x000000e644a00000) (1024K)]
  0x00000223c4950760 JavaThread "Daemon worker"                     [_thread_in_native, id=34080, stack(0x000000e644a00000,0x000000e644b00000) (1024K)]
  0x00000223c4952e70 JavaThread "Asynchronous log dispatcher for DefaultDaemonConnection: socket connection from /127.0.0.1:3897 to /127.0.0.1:3898"        [_thread_blocked, id=12900, stack(0x000000e644b00000,0x000000e644c00000) (1024K)]
  0x00000223c4950f30 JavaThread "Stdin handler"                     [_thread_blocked, id=14316, stack(0x000000e644c00000,0x000000e644d00000) (1024K)]
  0x00000223c4951700 JavaThread "Daemon client event forwarder"        [_thread_blocked, id=31248, stack(0x000000e644d00000,0x000000e644e00000) (1024K)]
  0x00000223c494f7c0 JavaThread "Cache worker for journal cache (C:\Users\aleja\.gradle\caches\journal-1)"        [_thread_blocked, id=37936, stack(0x000000e644600000,0x000000e644700000) (1024K)]
  0x00000223c4956520 JavaThread "File lock request listener"        [_thread_in_native, id=34456, stack(0x000000e644e00000,0x000000e644f00000) (1024K)]
  0x00000223c487fd50 JavaThread "Cache worker for file hash cache (C:\Users\aleja\.gradle\caches\8.12\fileHashes)"        [_thread_blocked, id=35984, stack(0x000000e644f00000,0x000000e645000000) (1024K)]
  0x00000223c4882c30 JavaThread "Cache worker for file hash cache (D:\alejandro\proyectos\ecoAdminMovil\EcoAdminMovile\.gradle\8.12\fileHashes)"        [_thread_blocked, id=32932, stack(0x000000e645600000,0x000000e645700000) (1024K)]
  0x00000223c4883400 JavaThread "Cache worker for Build Output Cleanup Cache (D:\alejandro\proyectos\ecoAdminMovil\EcoAdminMovile\.gradle\buildOutputCleanup)"        [_thread_blocked, id=14180, stack(0x000000e645700000,0x000000e645800000) (1024K)]
  0x00000223c48843a0 JavaThread "File lock release action executor"        [_thread_blocked, id=27388, stack(0x000000e645800000,0x000000e645900000) (1024K)]
  0x00000223c4ad16b0 JavaThread "File watcher server"        daemon [_thread_in_native, id=34696, stack(0x000000e645900000,0x000000e645a00000) (1024K)]
  0x00000223c4acefa0 JavaThread "File watcher consumer"      daemon [_thread_blocked, id=38232, stack(0x000000e645a00000,0x000000e645b00000) (1024K)]
Total: 29

Other Threads:
  0x00000223be6166f0 VMThread "VM Thread"                           [id=37248, stack(0x000000e643300000,0x000000e643400000) (1024K)]
  0x00000223be609e10 WatcherThread "VM Periodic Task Thread"        [id=30784, stack(0x000000e643200000,0x000000e643300000) (1024K)]
  0x00000223a1305030 WorkerThread "GC Thread#0"                     [id=26540, stack(0x000000e642d00000,0x000000e642e00000) (1024K)]
  0x00000223c3d13330 WorkerThread "GC Thread#1"                     [id=19840, stack(0x000000e643f00000,0x000000e644000000) (1024K)]
  0x00000223c3d13760 WorkerThread "GC Thread#2"                     [id=35344, stack(0x000000e644000000,0x000000e644100000) (1024K)]
  0x00000223c3d13fa0 WorkerThread "GC Thread#3"                     [id=33996, stack(0x000000e644100000,0x000000e644200000) (1024K)]
  0x00000223c3d143d0 WorkerThread "GC Thread#4"                     [id=6800, stack(0x000000e644200000,0x000000e644300000) (1024K)]
  0x00000223c3deaad0 WorkerThread "GC Thread#5"                     [id=30440, stack(0x000000e644300000,0x000000e644400000) (1024K)]
  0x00000223c49084b0 WorkerThread "GC Thread#6"                     [id=28988, stack(0x000000e645000000,0x000000e645100000) (1024K)]
  0x00000223c4908d50 WorkerThread "GC Thread#7"                     [id=36944, stack(0x000000e645100000,0x000000e645200000) (1024K)]
  0x00000223c49091a0 WorkerThread "GC Thread#8"                     [id=36792, stack(0x000000e645200000,0x000000e645300000) (1024K)]
  0x00000223c4906ad0 WorkerThread "GC Thread#9"                     [id=27528, stack(0x000000e645300000,0x000000e645400000) (1024K)]
  0x00000223a131f110 ConcurrentGCThread "G1 Main Marker"            [id=2816, stack(0x000000e642e00000,0x000000e642f00000) (1024K)]
  0x00000223a1320cc0 WorkerThread "G1 Conc#0"                       [id=15672, stack(0x000000e642f00000,0x000000e643000000) (1024K)]
  0x00000223c4906f20 WorkerThread "G1 Conc#1"                       [id=34904, stack(0x000000e645400000,0x000000e645500000) (1024K)]
  0x00000223c4907c10 WorkerThread "G1 Conc#2"                       [id=30392, stack(0x000000e645500000,0x000000e645600000) (1024K)]
  0x00000223a135e920 ConcurrentGCThread "G1 Refine#0"               [id=35212, stack(0x000000e643000000,0x000000e643100000) (1024K)]
  0x00000223be4df220 ConcurrentGCThread "G1 Service"                [id=25152, stack(0x000000e643100000,0x000000e643200000) (1024K)]
Total: 18

Threads with active compile tasks:
C2 CompilerThread0  35756 3704       4       jdk.internal.classfile.impl.SplitConstantPool::fieldRefEntry (72 bytes)
Total: 1

VM state: not at safepoint (normal execution)

VM Mutex/Monitor currently owned by a thread: None

Heap address: 0x0000000080000000, size: 2048 MB, Compressed Oops mode: 32-bit

CDS archive(s) mapped at: [0x000000002b000000-0x000000002bdd0000-0x000000002bdd0000), size 14483456, SharedBaseAddress: 0x000000002b000000, ArchiveRelocationMode: 1.
Compressed class space mapped at: 0x000000002c000000-0x000000006c000000, reserved size: 1073741824
UseCompressedClassPointers 1, UseCompactObjectHeaders 0
Narrow klass pointer bits 32, Max shift 3
Narrow klass base: 0x000000002b000000, Narrow klass shift: 0
Encoding Range: [0x000000002b000000 - 0x000000012b000000), (4294967296 bytes)
Klass Range:    [0x000000002b010000 - 0x000000006c000000), (1090453504 bytes)
Klass ID Range:  [65536 - 1090519033) (1090453497)
Protection zone: [0x000000002b000000 - 0x000000002b010000), (65536 bytes)

GC Precious Log:
 CardTable entry size: 512
 Card Set container configuration: InlinePtr #cards 5 size 8 Array Of Cards #cards 10 size 36 Howl #buckets 4 coarsen threshold 1843 Howl Bitmap #cards 512 size 80 coarsen threshold 460 Card regions per heap region 1 cards per card region 2048
 CPUs: 12 total, 12 available
 Memory: 16122M
 Large Page Support: Disabled
 NUMA Support: Disabled
 Compressed Oops: Enabled (32-bit)
 Heap Region Size: 1M
 Heap Min Capacity: 8M
 Heap Initial Capacity: 252M
 Heap Max Capacity: 2G
 Pre-touch: Disabled
 Parallel Workers: 10
 Concurrent Workers: 3
 Concurrent Refinement Workers: 10
 Periodic GC: Disabled

Heap:
 garbage-first heap   total reserved 2097152K, committed 89088K, used 52332K [0x0000000080000000, 0x0000000100000000)
  region size 1024K, 40 young (40960K), 12 survivors (12288K)

Heap Regions: E=young(eden), S=young(survivor), O=old, HS=humongous(starts), HC=humongous(continues), CS=collection set, F=free, TAMS=top-at-mark-start, PB=parsable bottom
|   0|0x0000000080000000, 0x0000000080100000, 0x0000000080100000|100%|HS|  |TAMS 0x0000000080000000| PB 0x0000000080000000| Complete |  0
|   1|0x0000000080100000, 0x0000000080200000, 0x0000000080200000|100%|HC|  |TAMS 0x0000000080100000| PB 0x0000000080100000| Complete |  0
|   2|0x0000000080200000, 0x0000000080300000, 0x0000000080300000|100%|HC|  |TAMS 0x0000000080200000| PB 0x0000000080200000| Complete |  0
|   3|0x0000000080300000, 0x0000000080400000, 0x0000000080400000|100%| O|  |TAMS 0x0000000080300000| PB 0x0000000080300000| Untracked |  0
|   4|0x0000000080400000, 0x0000000080500000, 0x0000000080500000|100%|HS|  |TAMS 0x0000000080400000| PB 0x0000000080400000| Complete |  0
|   5|0x0000000080500000, 0x0000000080600000, 0x0000000080600000|100%| O|  |TAMS 0x0000000080500000| PB 0x0000000080500000| Untracked |  0
|   6|0x0000000080600000, 0x0000000080700000, 0x0000000080700000|100%| O|  |TAMS 0x0000000080600000| PB 0x0000000080600000| Untracked |  0
|   7|0x0000000080700000, 0x0000000080800000, 0x0000000080800000|100%| O|  |TAMS 0x0000000080700000| PB 0x0000000080700000| Untracked |  0
|   8|0x0000000080800000, 0x0000000080900000, 0x0000000080900000|100%| O|  |TAMS 0x0000000080800000| PB 0x0000000080800000| Untracked |  0
|   9|0x0000000080900000, 0x0000000080a00000, 0x0000000080a00000|100%| O|  |TAMS 0x0000000080900000| PB 0x0000000080900000| Untracked |  0
|  10|0x0000000080a00000, 0x0000000080b00000, 0x0000000080b00000|100%| O|  |TAMS 0x0000000080a00000| PB 0x0000000080a00000| Untracked |  0
|  11|0x0000000080b00000, 0x0000000080bcee18, 0x0000000080c00000| 80%| O|  |TAMS 0x0000000080b00000| PB 0x0000000080b00000| Untracked |  0
|  12|0x0000000080c00000, 0x0000000080c00000, 0x0000000080d00000|  0%| F|  |TAMS 0x0000000080c00000| PB 0x0000000080c00000| Untracked |  0
|  13|0x0000000080d00000, 0x0000000080d00000, 0x0000000080e00000|  0%| F|  |TAMS 0x0000000080d00000| PB 0x0000000080d00000| Untracked |  0
|  14|0x0000000080e00000, 0x0000000080e00000, 0x0000000080f00000|  0%| F|  |TAMS 0x0000000080e00000| PB 0x0000000080e00000| Untracked |  0
|  15|0x0000000080f00000, 0x0000000080f00000, 0x0000000081000000|  0%| F|  |TAMS 0x0000000080f00000| PB 0x0000000080f00000| Untracked |  0
|  16|0x0000000081000000, 0x0000000081000000, 0x0000000081100000|  0%| F|  |TAMS 0x0000000081000000| PB 0x0000000081000000| Untracked |  0
|  17|0x0000000081100000, 0x0000000081100000, 0x0000000081200000|  0%| F|  |TAMS 0x0000000081100000| PB 0x0000000081100000| Untracked |  0
|  18|0x0000000081200000, 0x0000000081200000, 0x0000000081300000|  0%| F|  |TAMS 0x0000000081200000| PB 0x0000000081200000| Untracked |  0
|  19|0x0000000081300000, 0x0000000081300000, 0x0000000081400000|  0%| F|  |TAMS 0x0000000081300000| PB 0x0000000081300000| Untracked |  0
|  20|0x0000000081400000, 0x0000000081400000, 0x0000000081500000|  0%| F|  |TAMS 0x0000000081400000| PB 0x0000000081400000| Untracked |  0
|  21|0x0000000081500000, 0x0000000081500000, 0x0000000081600000|  0%| F|  |TAMS 0x0000000081500000| PB 0x0000000081500000| Untracked |  0
|  22|0x0000000081600000, 0x0000000081600000, 0x0000000081700000|  0%| F|  |TAMS 0x0000000081600000| PB 0x0000000081600000| Untracked |  0
|  23|0x0000000081700000, 0x0000000081700000, 0x0000000081800000|  0%| F|  |TAMS 0x0000000081700000| PB 0x0000000081700000| Untracked |  0
|  24|0x0000000081800000, 0x0000000081800000, 0x0000000081900000|  0%| F|  |TAMS 0x0000000081800000| PB 0x0000000081800000| Untracked |  0
|  25|0x0000000081900000, 0x0000000081900000, 0x0000000081a00000|  0%| F|  |TAMS 0x0000000081900000| PB 0x0000000081900000| Untracked |  0
|  26|0x0000000081a00000, 0x0000000081a00000, 0x0000000081b00000|  0%| F|  |TAMS 0x0000000081a00000| PB 0x0000000081a00000| Untracked |  0
|  27|0x0000000081b00000, 0x0000000081b00000, 0x0000000081c00000|  0%| F|  |TAMS 0x0000000081b00000| PB 0x0000000081b00000| Untracked |  0
|  28|0x0000000081c00000, 0x0000000081c00000, 0x0000000081d00000|  0%| F|  |TAMS 0x0000000081c00000| PB 0x0000000081c00000| Untracked |  0
|  29|0x0000000081d00000, 0x0000000081d00000, 0x0000000081e00000|  0%| F|  |TAMS 0x0000000081d00000| PB 0x0000000081d00000| Untracked |  0
|  30|0x0000000081e00000, 0x0000000081e00000, 0x0000000081f00000|  0%| F|  |TAMS 0x0000000081e00000| PB 0x0000000081e00000| Untracked |  0
|  31|0x0000000081f00000, 0x0000000081f00000, 0x0000000082000000|  0%| F|  |TAMS 0x0000000081f00000| PB 0x0000000081f00000| Untracked |  0
|  32|0x0000000082000000, 0x0000000082000000, 0x0000000082100000|  0%| F|  |TAMS 0x0000000082000000| PB 0x0000000082000000| Untracked |  0
|  33|0x0000000082100000, 0x0000000082100000, 0x0000000082200000|  0%| F|  |TAMS 0x0000000082100000| PB 0x0000000082100000| Untracked |  0
|  34|0x0000000082200000, 0x0000000082200000, 0x0000000082300000|  0%| F|  |TAMS 0x0000000082200000| PB 0x0000000082200000| Untracked |  0
|  35|0x0000000082300000, 0x0000000082300000, 0x0000000082400000|  0%| F|  |TAMS 0x0000000082300000| PB 0x0000000082300000| Untracked |  0
|  36|0x0000000082400000, 0x0000000082400000, 0x0000000082500000|  0%| F|  |TAMS 0x0000000082400000| PB 0x0000000082400000| Untracked |  0
|  37|0x0000000082500000, 0x0000000082500000, 0x0000000082600000|  0%| F|  |TAMS 0x0000000082500000| PB 0x0000000082500000| Untracked |  0
|  38|0x0000000082600000, 0x0000000082600000, 0x0000000082700000|  0%| F|  |TAMS 0x0000000082600000| PB 0x0000000082600000| Untracked |  0
|  39|0x0000000082700000, 0x0000000082700000, 0x0000000082800000|  0%| F|  |TAMS 0x0000000082700000| PB 0x0000000082700000| Untracked |  0
|  40|0x0000000082800000, 0x0000000082800000, 0x0000000082900000|  0%| F|  |TAMS 0x0000000082800000| PB 0x0000000082800000| Untracked |  0
|  41|0x0000000082900000, 0x0000000082900000, 0x0000000082a00000|  0%| F|  |TAMS 0x0000000082900000| PB 0x0000000082900000| Untracked |  0
|  42|0x0000000082a00000, 0x0000000082a00000, 0x0000000082b00000|  0%| F|  |TAMS 0x0000000082a00000| PB 0x0000000082a00000| Untracked |  0
|  43|0x0000000082b00000, 0x0000000082b00000, 0x0000000082c00000|  0%| F|  |TAMS 0x0000000082b00000| PB 0x0000000082b00000| Untracked |  0
|  44|0x0000000082c00000, 0x0000000082c00000, 0x0000000082d00000|  0%| F|  |TAMS 0x0000000082c00000| PB 0x0000000082c00000| Untracked |  0
|  45|0x0000000082d00000, 0x0000000082e00000, 0x0000000082e00000|100%| E|  |TAMS 0x0000000082d00000| PB 0x0000000082d00000| Complete |  0
|  46|0x0000000082e00000, 0x0000000082f00000, 0x0000000082f00000|100%| E|CS|TAMS 0x0000000082e00000| PB 0x0000000082e00000| Complete |  0
|  47|0x0000000082f00000, 0x0000000083000000, 0x0000000083000000|100%| E|CS|TAMS 0x0000000082f00000| PB 0x0000000082f00000| Complete |  0
|  48|0x0000000083000000, 0x0000000083100000, 0x0000000083100000|100%| E|CS|TAMS 0x0000000083000000| PB 0x0000000083000000| Complete |  0
|  49|0x0000000083100000, 0x0000000083200000, 0x0000000083200000|100%| E|CS|TAMS 0x0000000083100000| PB 0x0000000083100000| Complete |  0
|  50|0x0000000083200000, 0x0000000083300000, 0x0000000083300000|100%| E|CS|TAMS 0x0000000083200000| PB 0x0000000083200000| Complete |  0
|  51|0x0000000083300000, 0x0000000083400000, 0x0000000083400000|100%| E|CS|TAMS 0x0000000083300000| PB 0x0000000083300000| Complete |  0
|  52|0x0000000083400000, 0x0000000083500000, 0x0000000083500000|100%| E|CS|TAMS 0x0000000083400000| PB 0x0000000083400000| Complete |  0
|  53|0x0000000083500000, 0x0000000083600000, 0x0000000083600000|100%| E|CS|TAMS 0x0000000083500000| PB 0x0000000083500000| Complete |  0
|  54|0x0000000083600000, 0x0000000083700000, 0x0000000083700000|100%| E|CS|TAMS 0x0000000083600000| PB 0x0000000083600000| Complete |  0
|  55|0x0000000083700000, 0x0000000083800000, 0x0000000083800000|100%| E|CS|TAMS 0x0000000083700000| PB 0x0000000083700000| Complete |  0
|  56|0x0000000083800000, 0x0000000083900000, 0x0000000083900000|100%| E|CS|TAMS 0x0000000083800000| PB 0x0000000083800000| Complete |  0
|  57|0x0000000083900000, 0x0000000083a00000, 0x0000000083a00000|100%| E|CS|TAMS 0x0000000083900000| PB 0x0000000083900000| Complete |  0
|  58|0x0000000083a00000, 0x0000000083b00000, 0x0000000083b00000|100%| E|CS|TAMS 0x0000000083a00000| PB 0x0000000083a00000| Complete |  0
|  59|0x0000000083b00000, 0x0000000083c00000, 0x0000000083c00000|100%| E|CS|TAMS 0x0000000083b00000| PB 0x0000000083b00000| Complete |  0
|  60|0x0000000083c00000, 0x0000000083d00000, 0x0000000083d00000|100%| E|CS|TAMS 0x0000000083c00000| PB 0x0000000083c00000| Complete |  0
|  61|0x0000000083d00000, 0x0000000083e00000, 0x0000000083e00000|100%| E|CS|TAMS 0x0000000083d00000| PB 0x0000000083d00000| Complete |  0
|  62|0x0000000083e00000, 0x0000000083f00000, 0x0000000083f00000|100%| E|CS|TAMS 0x0000000083e00000| PB 0x0000000083e00000| Complete |  0
|  63|0x0000000083f00000, 0x0000000084000000, 0x0000000084000000|100%| E|CS|TAMS 0x0000000083f00000| PB 0x0000000083f00000| Complete |  0
|  64|0x0000000084000000, 0x0000000084100000, 0x0000000084100000|100%| E|CS|TAMS 0x0000000084000000| PB 0x0000000084000000| Complete |  0
|  65|0x0000000084100000, 0x0000000084200000, 0x0000000084200000|100%| E|CS|TAMS 0x0000000084100000| PB 0x0000000084100000| Complete |  0
|  66|0x0000000084200000, 0x0000000084300000, 0x0000000084300000|100%| E|CS|TAMS 0x0000000084200000| PB 0x0000000084200000| Complete |  0
|  67|0x0000000084300000, 0x0000000084400000, 0x0000000084400000|100%| E|CS|TAMS 0x0000000084300000| PB 0x0000000084300000| Complete |  0
|  68|0x0000000084400000, 0x0000000084500000, 0x0000000084500000|100%| E|CS|TAMS 0x0000000084400000| PB 0x0000000084400000| Complete |  0
|  69|0x0000000084500000, 0x0000000084600000, 0x0000000084600000|100%| E|CS|TAMS 0x0000000084500000| PB 0x0000000084500000| Complete |  0
|  70|0x0000000084600000, 0x0000000084700000, 0x0000000084700000|100%| E|CS|TAMS 0x0000000084600000| PB 0x0000000084600000| Complete |  0
|  71|0x0000000084700000, 0x0000000084800000, 0x0000000084800000|100%| E|CS|TAMS 0x0000000084700000| PB 0x0000000084700000| Complete |  0
| 202|0x000000008ca00000, 0x000000008ca27660, 0x000000008cb00000| 15%| S|CS|TAMS 0x000000008ca00000| PB 0x000000008ca00000| Complete |  0
| 203|0x000000008cb00000, 0x000000008cc00000, 0x000000008cc00000|100%| S|CS|TAMS 0x000000008cb00000| PB 0x000000008cb00000| Complete |  0
| 204|0x000000008cc00000, 0x000000008cd00000, 0x000000008cd00000|100%| S|CS|TAMS 0x000000008cc00000| PB 0x000000008cc00000| Complete |  0
| 205|0x000000008cd00000, 0x000000008ce00000, 0x000000008ce00000|100%| S|CS|TAMS 0x000000008cd00000| PB 0x000000008cd00000| Complete |  0
| 206|0x000000008ce00000, 0x000000008cf00000, 0x000000008cf00000|100%| S|CS|TAMS 0x000000008ce00000| PB 0x000000008ce00000| Complete |  0
| 207|0x000000008cf00000, 0x000000008d000000, 0x000000008d000000|100%| S|CS|TAMS 0x000000008cf00000| PB 0x000000008cf00000| Complete |  0
| 208|0x000000008d000000, 0x000000008d100000, 0x000000008d100000|100%| S|CS|TAMS 0x000000008d000000| PB 0x000000008d000000| Complete |  0
| 209|0x000000008d100000, 0x000000008d200000, 0x000000008d200000|100%| S|CS|TAMS 0x000000008d100000| PB 0x000000008d100000| Complete |  0
| 210|0x000000008d200000, 0x000000008d300000, 0x000000008d300000|100%| S|CS|TAMS 0x000000008d200000| PB 0x000000008d200000| Complete |  0
| 211|0x000000008d300000, 0x000000008d400000, 0x000000008d400000|100%| S|CS|TAMS 0x000000008d300000| PB 0x000000008d300000| Complete |  0
| 212|0x000000008d400000, 0x000000008d500000, 0x000000008d500000|100%| S|CS|TAMS 0x000000008d400000| PB 0x000000008d400000| Complete |  0
| 213|0x000000008d500000, 0x000000008d600000, 0x000000008d600000|100%| S|CS|TAMS 0x000000008d500000| PB 0x000000008d500000| Complete |  0
| 251|0x000000008fb00000, 0x000000008fc00000, 0x000000008fc00000|100%| E|CS|TAMS 0x000000008fb00000| PB 0x000000008fb00000| Complete |  0
|2046|0x00000000ffe00000, 0x00000000fff00000, 0x00000000fff00000|100%| O|  |TAMS 0x00000000ffe00000| PB 0x00000000ffe00000| Untracked |  0
|2047|0x00000000fff00000, 0x00000000fff24ea8, 0x0000000100000000| 14%| O|Cm|TAMS 0x00000000fff00000| PB 0x00000000fff00000| Complete |  0

Card table byte_map: [0x00000223b9800000,0x00000223b9c00000] _byte_map_base: 0x00000223b9400000

Marking Bits: (CMBitMap*) 0x00000223a13057c0
 Bits: [0x00000223b9c00000, 0x00000223bbc00000)

Polling page: 0x000002239f070000

Metaspace:
Metaspace        used 23745K, committed 24640K, reserved 1114112K
 class space     used 3698K, committed 4096K, reserved 1048576K

Usage:
  Non-class:     19.58 MB used.
      Class:      3.61 MB used.
       Both:     23.19 MB used.

Virtual space:
  Non-class space:       64.00 MB reserved,      20.06 MB ( 31%) committed,  1 nodes.
      Class space:        1.00 GB reserved,       4.00 MB ( <1%) committed,  1 nodes.
             Both:        1.06 GB reserved,      24.06 MB (  2%) committed. 

Chunk freelists:
   Non-Class:  11.53 MB
       Class:  11.83 MB
        Both:  23.36 MB

MaxMetaspaceSize: unlimited
CompressedClassSpaceSize: 1.00 GB
Initial GC threshold: 21.00 MB
Current GC threshold: 35.12 MB
CDS: on
 - commit_granule_bytes: 65536.
 - commit_granule_words: 8192.
 - virtual_space_node_default_size: 8388608.
 - enlarge_chunks_in_place: 1.
UseCompressedClassPointers 1, UseCompactObjectHeaders 0
Narrow klass pointer bits 32, Max shift 3
Narrow klass base: 0x000000002b000000, Narrow klass shift: 0
Encoding Range: [0x000000002b000000 - 0x000000012b000000), (4294967296 bytes)
Klass Range:    [0x000000002b010000 - 0x000000006c000000), (1090453504 bytes)
Klass ID Range:  [65536 - 1090519033) (1090453497)
Protection zone: [0x000000002b000000 - 0x000000002b010000), (65536 bytes)


Internal statistics:

num_allocs_failed_limit: 3.
num_arena_births: 1352.
num_arena_deaths: 0.
num_vsnodes_births: 2.
num_vsnodes_deaths: 0.
num_space_committed: 385.
num_space_uncommitted: 0.
num_chunks_returned_to_freelist: 3.
num_chunks_taken_from_freelist: 2331.
num_chunk_merges: 3.
num_chunk_splits: 1529.
num_chunks_enlarged: 994.
num_inconsistent_stats: 0.

CodeHeap 'non-profiled nmethods': size=120064Kb used=1460Kb max_used=1460Kb free=118603Kb
 bounds [0x00000223b1850000, 0x00000223b1ac0000, 0x00000223b8d90000]
CodeHeap 'profiled nmethods': size=120000Kb used=6011Kb max_used=6011Kb free=113988Kb
 bounds [0x00000223a9d90000, 0x00000223aa370000, 0x00000223b12c0000]
CodeHeap 'non-nmethods': size=5696Kb used=1637Kb max_used=1786Kb free=4058Kb
 bounds [0x00000223b12c0000, 0x00000223b1530000, 0x00000223b1850000]
CodeCache: size=245760Kb, used=9108Kb, max_used=9257Kb, free=236649Kb
 total_blobs=4348, nmethods=3734, adapters=516, full_count=0
Compilation: enabled, stopped_count=0, restarted_count=0

Compilation events (20 events):
Event: 34.617 Thread 0x00000223be654050 nmethod 3695 0x00000223b19bc188 code [0x00000223b19bc280, 0x00000223b19bc300]
Event: 34.683 Thread 0x00000223be654050 3696       4       java.lang.invoke.LambdaFormBuffer::changeName (149 bytes)
Event: 34.685 Thread 0x00000223be654050 nmethod 3696 0x00000223b19bc488 code [0x00000223b19bc580, 0x00000223b19bc7e0]
Event: 34.885 Thread 0x00000223be654050 3697       4       java.lang.reflect.Modifier::isStatic (13 bytes)
Event: 34.885 Thread 0x00000223be654050 nmethod 3697 0x00000223b19bc808 code [0x00000223b19bc900, 0x00000223b19bc970]
Event: 34.885 Thread 0x00000223be65a390 3699       3       java.util.TimSort::binarySort (223 bytes)
Event: 34.886 Thread 0x00000223be65a390 nmethod 3699 0x00000223aa359688 code [0x00000223aa359780, 0x00000223aa35a1b8]
Event: 34.886 Thread 0x00000223be65a390 3698       3       java.util.TimSort::countRunAndMakeAscending (128 bytes)
Event: 34.886 Thread 0x00000223be65a390 nmethod 3698 0x00000223aa35a208 code [0x00000223aa35a300, 0x00000223aa35a9e8]
Event: 34.889 Thread 0x00000223be65a390 3700       3       java.lang.WeakPairMap$Pair$Weak::first (5 bytes)
Event: 34.889 Thread 0x00000223be65a390 nmethod 3700 0x00000223aa35aa08 code [0x00000223aa35ab00, 0x00000223aa35acb8]
Event: 34.890 Thread 0x00000223be65a390 3701       3       java.lang.reflect.ProxyGenerator::toClassEntries (65 bytes)
Event: 34.891 Thread 0x00000223be65a390 nmethod 3701 0x00000223aa35ad08 code [0x00000223aa35ae00, 0x00000223aa35ccc0]
Event: 34.892 Thread 0x00000223be65a390 3702       3       jdk.internal.classfile.impl.Util::paramSlotSize (13 bytes)
Event: 34.892 Thread 0x00000223be65a390 nmethod 3702 0x00000223aa35cd08 code [0x00000223aa35ce00, 0x00000223aa35d038]
Event: 34.892 Thread 0x00000223be65a390 3703       3       jdk.internal.classfile.impl.StackMapDecoder$1::compare (13 bytes)
Event: 34.892 Thread 0x00000223be65a390 nmethod 3703 0x00000223aa35d088 code [0x00000223aa35d180, 0x00000223aa35d850]
Event: 34.901 Thread 0x00000223be654050 3704       4       jdk.internal.classfile.impl.SplitConstantPool::fieldRefEntry (72 bytes)
Event: 34.905 Thread 0x00000223be65a390 3705       3       java.lang.reflect.Constructor::getRoot (5 bytes)
Event: 34.905 Thread 0x00000223be65a390 nmethod 3705 0x00000223aa35d888 code [0x00000223aa35d980, 0x00000223aa35db20]

GC Heap Usage History (6 events):
Event: 11.128 {heap Before GC invocations=0 (full 0):
 garbage-first heap   total reserved 2097152K, committed 260096K, used 51347K [0x0000000080000000, 0x0000000100000000)
  region size 1024K, 47 young (48128K), 0 survivors (0K)
}
Event: 11.134 {heap After GC invocations=1 (full 0):
 garbage-first heap   total reserved 2097152K, committed 260096K, used 11231K [0x0000000080000000, 0x0000000100000000)
  region size 1024K, 6 young (6144K), 6 survivors (6144K)
}
Event: 20.830 {heap Before GC invocations=1 (full 0):
 garbage-first heap   total reserved 2097152K, committed 260096K, used 120799K [0x0000000080000000, 0x0000000100000000)
  region size 1024K, 111 young (113664K), 6 survivors (6144K)
}
Event: 20.840 {heap After GC invocations=2 (full 0):
 garbage-first heap   total reserved 2097152K, committed 260096K, used 21208K [0x0000000080000000, 0x0000000100000000)
  region size 1024K, 14 young (14336K), 14 survivors (14336K)
}
Event: 31.782 {heap Before GC invocations=2 (full 0):
 garbage-first heap   total reserved 2097152K, committed 260096K, used 59096K [0x0000000080000000, 0x0000000100000000)
  region size 1024K, 52 young (53248K), 14 survivors (14336K)
}
Event: 31.789 {heap After GC invocations=3 (full 0):
 garbage-first heap   total reserved 2097152K, committed 260096K, used 24684K [0x0000000080000000, 0x0000000100000000)
  region size 1024K, 12 young (12288K), 12 survivors (12288K)
}

Metaspace Usage History (6 events):
Event: 11.128 {metaspace Before GC invocations=0 (full 0):
 Metaspace       used 4339K, committed 4480K, reserved 1114112K
  class space    used 555K, committed 640K, reserved 1048576K
}
Event: 11.134 {metaspace After GC invocations=1 (full 0):
 Metaspace       used 4339K, committed 4480K, reserved 1114112K
  class space    used 555K, committed 640K, reserved 1048576K
}
Event: 20.830 {metaspace Before GC invocations=1 (full 0):
 Metaspace       used 16003K, committed 16448K, reserved 1114112K
  class space    used 2281K, committed 2496K, reserved 1048576K
}
Event: 20.840 {metaspace After GC invocations=2 (full 0):
 Metaspace       used 16003K, committed 16448K, reserved 1114112K
  class space    used 2281K, committed 2496K, reserved 1048576K
}
Event: 31.782 {metaspace Before GC invocations=2 (full 0):
 Metaspace       used 20918K, committed 21504K, reserved 1114112K
  class space    used 3168K, committed 3456K, reserved 1048576K
}
Event: 31.789 {metaspace After GC invocations=3 (full 0):
 Metaspace       used 20918K, committed 21504K, reserved 1114112K
  class space    used 3168K, committed 3456K, reserved 1048576K
}

Dll operation events (15 events):
Event: 0.974 Loaded shared library C:\Program Files\Eclipse Adoptium\jdk-25.0.2.10-hotspot\bin\java.dll
Event: 1.987 Loaded shared library C:\Program Files\Eclipse Adoptium\jdk-25.0.2.10-hotspot\bin\zip.dll
Event: 2.064 Loaded shared library C:\Program Files\Eclipse Adoptium\jdk-25.0.2.10-hotspot\bin\instrument.dll
Event: 2.477 Loaded shared library C:\Program Files\Eclipse Adoptium\jdk-25.0.2.10-hotspot\bin\net.dll
Event: 2.781 Loaded shared library C:\Program Files\Eclipse Adoptium\jdk-25.0.2.10-hotspot\bin\nio.dll
Event: 2.785 Loaded shared library C:\Program Files\Eclipse Adoptium\jdk-25.0.2.10-hotspot\bin\zip.dll
Event: 7.823 Loaded shared library C:\Program Files\Eclipse Adoptium\jdk-25.0.2.10-hotspot\bin\jimage.dll
Event: 8.653 Loaded shared library C:\Program Files\Eclipse Adoptium\jdk-25.0.2.10-hotspot\bin\verify.dll
Event: 9.290 Loaded shared library C:\Users\aleja\.gradle\native\1def1411415f61bf3af743bc5b6707747c0891f09f0c88961ee8f79bc544acac\windows-amd64\native-platform.dll
Event: 9.302 Loaded shared library C:\Users\aleja\.gradle\native\0.2.5\x86_64-windows-gnu\gradle-fileevents.dll
Event: 17.204 Loaded shared library C:\Program Files\Eclipse Adoptium\jdk-25.0.2.10-hotspot\bin\management.dll
Event: 17.212 Loaded shared library C:\Program Files\Eclipse Adoptium\jdk-25.0.2.10-hotspot\bin\management_ext.dll
Event: 18.069 Loaded shared library C:\Program Files\Eclipse Adoptium\jdk-25.0.2.10-hotspot\bin\extnet.dll
Event: 18.516 Loaded shared library C:\Program Files\Eclipse Adoptium\jdk-25.0.2.10-hotspot\bin\sunmscapi.dll
Event: 20.736 Loaded shared library C:\Users\aleja\AppData\Local\Temp\native-platform16429344875130767000dir\gradle-fileevents.dll

Deoptimization events (20 events):
Event: 31.959 Thread 0x00000223c4950760 Uncommon trap: trap_request=0xffffff45 fr.pc=0x00000223b1987f34 relative=0x0000000000000134
Event: 31.959 Thread 0x00000223c4950760 Uncommon trap: reason=unstable_if action=reinterpret pc=0x00000223b1987f34 method=java.util.ArrayDeque.addLast(Ljava/lang/Object;)V @ 42 c2
Event: 31.960 Thread 0x00000223c4950760 DEOPT PACKING pc=0x00000223b1987f34 sp=0x000000e644afa8d0
Event: 31.960 Thread 0x00000223c4950760 DEOPT UNPACKING pc=0x00000223b13ef482 sp=0x000000e644afa860 mode 2
Event: 32.239 Thread 0x00000223c4950760 Uncommon trap: trap_request=0xffffffd6 fr.pc=0x00000223b19b1e98 relative=0x0000000000000498
Event: 32.239 Thread 0x00000223c4950760 Uncommon trap: reason=array_check action=maybe_recompile pc=0x00000223b19b1e98 method=jdk.internal.classfile.impl.AttributeHolder.withAttribute(Ljava/lang/classfile/Attribute;)V @ 115 c2
Event: 32.239 Thread 0x00000223c4950760 DEOPT PACKING pc=0x00000223b19b1e98 sp=0x000000e644afa010
Event: 32.239 Thread 0x00000223c4950760 DEOPT UNPACKING pc=0x00000223b13ef482 sp=0x000000e644af9fd0 mode 2
Event: 32.239 Thread 0x00000223c4950760 Uncommon trap: trap_request=0xffffffd6 fr.pc=0x00000223b19b1e98 relative=0x0000000000000498
Event: 32.239 Thread 0x00000223c4950760 Uncommon trap: reason=array_check action=maybe_recompile pc=0x00000223b19b1e98 method=jdk.internal.classfile.impl.AttributeHolder.withAttribute(Ljava/lang/classfile/Attribute;)V @ 115 c2
Event: 32.239 Thread 0x00000223c4950760 DEOPT PACKING pc=0x00000223b19b1e98 sp=0x000000e644af9fc0
Event: 32.239 Thread 0x00000223c4950760 DEOPT UNPACKING pc=0x00000223b13ef482 sp=0x000000e644af9f80 mode 2
Event: 32.240 Thread 0x00000223c4950760 Uncommon trap: trap_request=0xffffffd6 fr.pc=0x00000223b19b1e98 relative=0x0000000000000498
Event: 32.240 Thread 0x00000223c4950760 Uncommon trap: reason=array_check action=maybe_recompile pc=0x00000223b19b1e98 method=jdk.internal.classfile.impl.AttributeHolder.withAttribute(Ljava/lang/classfile/Attribute;)V @ 115 c2
Event: 32.240 Thread 0x00000223c4950760 DEOPT PACKING pc=0x00000223b19b1e98 sp=0x000000e644af9cf0
Event: 32.240 Thread 0x00000223c4950760 DEOPT UNPACKING pc=0x00000223b13ef482 sp=0x000000e644af9cb0 mode 2
Event: 32.240 Thread 0x00000223c4950760 Uncommon trap: trap_request=0xffffff66 fr.pc=0x00000223b19b1fcc relative=0x00000000000005cc
Event: 32.240 Thread 0x00000223c4950760 Uncommon trap: reason=loop_limit_check action=maybe_recompile pc=0x00000223b19b1fcc method=jdk.internal.classfile.impl.AttributeHolder.withAttribute(Ljava/lang/classfile/Attribute;)V @ 39 c2
Event: 32.240 Thread 0x00000223c4950760 DEOPT PACKING pc=0x00000223b19b1fcc sp=0x000000e644af9ff0
Event: 32.240 Thread 0x00000223c4950760 DEOPT UNPACKING pc=0x00000223b13ef482 sp=0x000000e644af9fc0 mode 2

Classes loaded (20 events):
Event: 28.531 Loading class java/util/concurrent/LinkedBlockingDeque$AbstractItr done
Event: 28.531 Loading class java/util/concurrent/LinkedBlockingDeque$Itr done
Event: 28.579 Loading class java/util/LinkedList$ListItr
Event: 28.651 Loading class java/util/LinkedList$ListItr done
Event: 31.325 Loading class javax/xml/parsers/ParserConfigurationException
Event: 31.326 Loading class javax/xml/parsers/ParserConfigurationException done
Event: 31.326 Loading class org/xml/sax/SAXException
Event: 31.327 Loading class org/xml/sax/SAXException done
Event: 31.327 Loading class javax/xml/xpath/XPathExpressionException
Event: 31.327 Loading class javax/xml/xpath/XPathException
Event: 31.328 Loading class javax/xml/xpath/XPathException done
Event: 31.328 Loading class javax/xml/xpath/XPathExpressionException done
Event: 31.328 Loading class org/xml/sax/ErrorHandler
Event: 31.328 Loading class org/xml/sax/ErrorHandler done
Event: 32.120 Loading class java/util/zip/GZIPInputStream
Event: 32.121 Loading class java/util/zip/GZIPInputStream done
Event: 32.121 Loading class java/util/zip/GZIPOutputStream
Event: 32.121 Loading class java/util/zip/DeflaterOutputStream
Event: 32.122 Loading class java/util/zip/DeflaterOutputStream done
Event: 32.122 Loading class java/util/zip/GZIPOutputStream done

Classes unloaded (0 events):
No events

Classes redefined (0 events):
No events

Internal exceptions (20 events):
Event: 21.483 Thread 0x00000223c4951700 Exception <a 'java/lang/NoSuchMethodError'{0x000000008fb93b50}: static Lorg/gradle/internal/build/event/types/DefaultOperationDescriptor;.<clinit>()V> (0x000000008fb93b50) 
thrown [s\src\hotspot\share\prims\jni.cpp, line 1106]
Event: 21.486 Thread 0x00000223c4951700 Exception <a 'java/lang/NoSuchMethodError'{0x000000008fba6668}: static Lorg/gradle/internal/operations/OperationIdentifier;.<clinit>()V> (0x000000008fba6668) 
thrown [s\src\hotspot\share\prims\jni.cpp, line 1106]
Event: 26.011 Thread 0x00000223c4950760 Exception <a 'java/lang/IncompatibleClassChangeError'{0x000000008ead5870}: Found class java.lang.Object, but interface was expected> (0x000000008ead5870) 
thrown [s\src\hotspot\share\interpreter\linkResolver.cpp, line 871]
Event: 26.121 Thread 0x00000223c4950760 Exception <a 'java/lang/NoSuchMethodError'{0x000000008e901fb0}: 'java.lang.Object java.lang.invoke.DirectMethodHandle$Holder.newInvokeSpecial(java.lang.Object, java.lang.Object, java.lang.Object, java.lang.Object, java.lang.Object, java.lang.Object, java.lang.Object, java.lang.Object, java.lang.Object, java.lang.Object)'> (0x000000008e901fb0) 
thrown [s\src\hotspot\share\interpreter\linkResolver.cpp, line 804]
Event: 26.243 Thread 0x00000223c4950760 Exception <a 'java/lang/NoSuchMethodError'{0x000000008e8adc58}: 'java.lang.Object java.lang.invoke.DirectMethodHandle$Holder.newInvokeSpecial(java.lang.Object, java.lang.Object, java.lang.Object, java.lang.Object, java.lang.Object, java.lang.Object, java.lang.Object, java.lang.Object)'> (0x000000008e8adc58) 
thrown [s\src\hotspot\share\interpreter\linkResolver.cpp, line 804]
Event: 29.192 Thread 0x00000223c4950760 Exception <a 'java/lang/NoSuchMethodError'{0x000000008e1dc338}: 'java.lang.Object java.lang.invoke.DirectMethodHandle$Holder.invokeVirtual(java.lang.Object, java.lang.Object, java.lang.Object, java.lang.Object, java.lang.Object, java.lang.Object, java.lang.Object, java.lang.Object, java.lang.Object, java.lang.Object, java.lang.Object, java.lang.Object, java.lang.Object, java.lang.Object, java.lang.Object, java.lang.Object, java.lang.Object, java.lang.Object, java.lang.Object, java.lang.Object, java.lang.Ob
Event: 29.918 Thread 0x00000223c4950760 Exception <a 'java/lang/NoSuchMethodError'{0x000000008e08e9c0}: 'java.lang.Object java.lang.invoke.Invokers$Holder.invoker(java.lang.Object, java.lang.Object, java.lang.Object, java.lang.Object)'> (0x000000008e08e9c0) 
thrown [s\src\hotspot\share\interpreter\linkResolver.cpp, line 804]
Event: 31.675 Thread 0x00000223c4950760 Exception <a 'java/lang/NoSuchMethodError'{0x000000008d949f58}: 'java.lang.Object java.lang.invoke.DirectMethodHandle$Holder.newInvokeSpecial(java.lang.Object, java.lang.Object, java.lang.Object, java.lang.Object, java.lang.Object, java.lang.Object, java.lang.Object)'> (0x000000008d949f58) 
thrown [s\src\hotspot\share\interpreter\linkResolver.cpp, line 804]
Event: 31.753 Thread 0x00000223c4950760 Exception <a 'java/lang/NoSuchMethodError'{0x000000008d778ed0}: 'java.lang.Object java.lang.invoke.DirectMethodHandle$Holder.invokeVirtual(java.lang.Object, java.lang.Object, java.lang.Object, java.lang.Object, java.lang.Object, java.lang.Object, java.lang.Object, java.lang.Object, java.lang.Object, java.lang.Object, java.lang.Object)'> (0x000000008d778ed0) 
thrown [s\src\hotspot\share\interpreter\linkResolver.cpp, line 804]
Event: 32.202 Thread 0x00000223c4950760 Exception <a 'java/lang/NoSuchMethodError'{0x0000000083f0b568}: 'java.lang.Object java.lang.invoke.DirectMethodHandle$Holder.invokeVirtual(java.lang.Object, java.lang.Object, java.lang.Object, java.lang.Object, java.lang.Object, java.lang.Object, java.lang.Object, java.lang.Object, java.lang.Object, java.lang.Object)'> (0x0000000083f0b568) 
thrown [s\src\hotspot\share\interpreter\linkResolver.cpp, line 804]
Event: 32.378 Thread 0x00000223c4950760 Exception <a 'java/lang/NoSuchMethodError'{0x0000000083ec9190}: 'java.lang.Object java.lang.invoke.DirectMethodHandle$Holder.invokeSpecial(java.lang.Object, java.lang.Object, java.lang.Object, java.lang.Object, java.lang.Object, java.lang.Object, java.lang.Object, java.lang.Object, java.lang.Object, java.lang.Object, java.lang.Object, java.lang.Object, java.lang.Object, java.lang.Object, java.lang.Object, java.lang.Object, java.lang.Object, java.lang.Object, java.lang.Object, java.lang.Object, java.lang.Ob
Event: 32.453 Thread 0x00000223c4950760 Exception <a 'java/lang/NoSuchMethodError'{0x0000000083ed31f0}: 'java.lang.Object java.lang.invoke.DelegatingMethodHandle$Holder.reinvoke_L(java.lang.Object, java.lang.Object, java.lang.Object, java.lang.Object, java.lang.Object, java.lang.Object, java.lang.Object, java.lang.Object, java.lang.Object, java.lang.Object, java.lang.Object, java.lang.Object, java.lang.Object, java.lang.Object, java.lang.Object, java.lang.Object, java.lang.Object, java.lang.Object, java.lang.Object, java.lang.Object, java.lang.O
Event: 32.454 Thread 0x00000223c4950760 Exception <a 'java/lang/NoSuchMethodError'{0x0000000083ee77b8}: 'java.lang.Object java.lang.invoke.DirectMethodHandle$Holder.invokeSpecial(java.lang.Object, java.lang.Object, java.lang.Object, java.lang.Object, java.lang.Object, java.lang.Object, java.lang.Object, java.lang.Object, java.lang.Object, java.lang.Object, java.lang.Object, java.lang.Object, java.lang.Object, java.lang.Object, java.lang.Object, java.lang.Object, java.lang.Object, java.lang.Object, java.lang.Object, java.lang.Object, java.lang.Ob
Event: 32.454 Thread 0x00000223c4950760 Exception <a 'java/lang/NoSuchMethodError'{0x0000000083ef1818}: 'java.lang.Object java.lang.invoke.Invokers$Holder.invoker(java.lang.Object, java.lang.Object, java.lang.Object, java.lang.Object, java.lang.Object, java.lang.Object, java.lang.Object, java.lang.Object, java.lang.Object, java.lang.Object, java.lang.Object, java.lang.Object, java.lang.Object, java.lang.Object, java.lang.Object, java.lang.Object, java.lang.Object, java.lang.Object, java.lang.Object, java.lang.Object, java.lang.Object, java.lang.
Event: 32.454 Thread 0x00000223c4950760 Exception <a 'java/lang/NoSuchMethodError'{0x0000000083efc2c0}: 'java.lang.Object java.lang.invoke.DelegatingMethodHandle$Holder.delegate(java.lang.Object, java.lang.Object, java.lang.Object, java.lang.Object, java.lang.Object, java.lang.Object, java.lang.Object, java.lang.Object, java.lang.Object, java.lang.Object, java.lang.Object, java.lang.Object, java.lang.Object, java.lang.Object, java.lang.Object, java.lang.Object, java.lang.Object, java.lang.Object, java.lang.Object, java.lang.Object, java.lang.Obj
Event: 32.832 Thread 0x00000223c4950760 Exception <a 'java/lang/NoSuchMethodError'{0x0000000083a279c0}: 'java.lang.Object java.lang.invoke.DirectMethodHandle$Holder.invokeStaticInit(java.lang.Object, java.lang.Object, java.lang.Object, java.lang.Object)'> (0x0000000083a279c0) 
thrown [s\src\hotspot\share\interpreter\linkResolver.cpp, line 804]
Event: 33.612 Thread 0x00000223c4950760 Exception <a 'java/lang/NoSuchMethodError'{0x0000000083812520}: 'void java.lang.invoke.DirectMethodHandle$Holder.invokeStatic(java.lang.Object, java.lang.Object, java.lang.Object, java.lang.Object)'> (0x0000000083812520) 
thrown [s\src\hotspot\share\interpreter\linkResolver.cpp, line 804]
Event: 33.858 Thread 0x00000223c4950760 Exception <a 'java/lang/NoSuchMethodError'{0x00000000838e36b8}: 'java.lang.Object java.lang.invoke.DirectMethodHandle$Holder.invokeVirtual(java.lang.Object, java.lang.Object, java.lang.Object, java.lang.Object, java.lang.Object, java.lang.Object, java.lang.Object, java.lang.Object, java.lang.Object, java.lang.Object, java.lang.Object, java.lang.Object, java.lang.Object)'> (0x00000000838e36b8) 
thrown [s\src\hotspot\share\interpreter\linkResolver.cpp, line 804]
Event: 33.858 Thread 0x00000223c4950760 Exception <a 'java/lang/NoSuchMethodError'{0x00000000838ed938}: 'java.lang.Object java.lang.invoke.DirectMethodHandle$Holder.invokeSpecial(java.lang.Object, java.lang.Object, java.lang.Object, java.lang.Object, java.lang.Object, java.lang.Object, java.lang.Object, java.lang.Object, java.lang.Object, java.lang.Object, java.lang.Object, java.lang.Object, java.lang.Object, java.lang.Object)'> (0x00000000838ed938) 
thrown [s\src\hotspot\share\interpreter\linkResolver.cpp, line 804]
Event: 34.432 Thread 0x00000223c4950760 Exception <a 'java/lang/NoSuchMethodError'{0x00000000836eae28}: 'void java.lang.invoke.DirectMethodHandle$Holder.invokeStaticInit(java.lang.Object, java.lang.Object)'> (0x00000000836eae28) 
thrown [s\src\hotspot\share\interpreter\linkResolver.cpp, line 804]

VM Operations (20 events):
Event: 17.853 Executing non-safepoint VM operation: HandshakeAllThreads (Deoptimize)
Event: 17.853 Executing non-safepoint VM operation: HandshakeAllThreads (Deoptimize) done
Event: 18.008 Executing non-safepoint VM operation: HandshakeAllThreads (Deoptimize)
Event: 18.008 Executing non-safepoint VM operation: HandshakeAllThreads (Deoptimize) done
Event: 18.433 Executing non-safepoint VM operation: HandshakeAllThreads (Deoptimize)
Event: 18.436 Executing non-safepoint VM operation: HandshakeAllThreads (Deoptimize) done
Event: 19.463 Executing non-safepoint VM operation: HandshakeAllThreads (Deoptimize)
Event: 19.463 Executing non-safepoint VM operation: HandshakeAllThreads (Deoptimize) done
Event: 20.830 Executing safepoint VM operation: G1CollectForAllocation (G1 Evacuation Pause)
Event: 20.840 Executing safepoint VM operation: G1CollectForAllocation (G1 Evacuation Pause) done
Event: 21.283 Executing non-safepoint VM operation: HandshakeAllThreads (Deoptimize)
Event: 21.283 Executing non-safepoint VM operation: HandshakeAllThreads (Deoptimize) done
Event: 21.284 Executing non-safepoint VM operation: HandshakeAllThreads (Deoptimize)
Event: 21.284 Executing non-safepoint VM operation: HandshakeAllThreads (Deoptimize) done
Event: 31.782 Executing safepoint VM operation: CollectForMetadataAllocation (Metadata GC Threshold)
Event: 31.789 Executing safepoint VM operation: CollectForMetadataAllocation (Metadata GC Threshold) done
Event: 31.795 Executing safepoint VM operation: G1PauseRemark
Event: 31.796 Executing safepoint VM operation: G1PauseRemark done
Event: 31.798 Executing safepoint VM operation: G1PauseCleanup
Event: 31.807 Executing safepoint VM operation: G1PauseCleanup done

Memory protections (0 events):
No events

Nmethod flushes (0 events):
No events

Events (20 events):
Event: 18.430 Thread 0x00000223a12acb20 Thread added: 0x00000223c46d10c0
Event: 18.444 Thread 0x00000223be65a390 Thread added: 0x00000223be929080
Event: 18.565 Thread 0x00000223c4668530 Thread added: 0x00000223c4a690a0
Event: 18.570 Thread 0x00000223c4a690a0 Thread added: 0x00000223c4951ed0
Event: 18.744 Thread 0x00000223c4a690a0 Thread added: 0x00000223c494eff0
Event: 18.757 Thread 0x00000223c4a690a0 Thread added: 0x00000223c4950760
Event: 18.780 Thread 0x00000223c4950760 Thread added: 0x00000223c4952e70
Event: 18.804 Thread 0x00000223c4950760 Thread added: 0x00000223c4950f30
Event: 18.808 Thread 0x00000223c4950760 Thread added: 0x00000223c4951700
Event: 19.043 Thread 0x00000223be929080 Thread exited: 0x00000223be929080
Event: 20.281 Thread 0x00000223c4950760 Thread added: 0x00000223c494f7c0
Event: 20.313 Thread 0x00000223c4950760 Thread added: 0x00000223c4956520
Event: 20.395 Thread 0x00000223c4950760 Thread added: 0x00000223c487fd50
Event: 21.235 Thread 0x00000223be65a390 Thread added: 0x00000223c52dc350
Event: 22.037 Thread 0x00000223c52dc350 Thread exited: 0x00000223c52dc350
Event: 26.249 Thread 0x00000223be65a390 Thread added: 0x00000223c52dcb60
Event: 26.422 Thread 0x00000223c52dcb60 Thread exited: 0x00000223c52dcb60
Event: 32.208 Thread 0x00000223c4950760 Thread added: 0x00000223c4882c30
Event: 32.287 Thread 0x00000223c4950760 Thread added: 0x00000223c4883400
Event: 32.823 Thread 0x00000223c4956520 Thread added: 0x00000223c48843a0


Dynamic libraries:
0x00007ff796fd0000 - 0x00007ff796fde000 	C:\Program Files\Eclipse Adoptium\jdk-25.0.2.10-hotspot\bin\java.exe
0x00007ff9c7a40000 - 0x00007ff9c7ca7000 	C:\WINDOWS\SYSTEM32\ntdll.dll
0x00007ff9c6480000 - 0x00007ff9c6549000 	C:\WINDOWS\System32\KERNEL32.DLL
0x00007ff9c4310000 - 0x00007ff9c4704000 	C:\WINDOWS\System32\KERNELBASE.dll
0x00007ff9bedd0000 - 0x00007ff9bee6f000 	C:\WINDOWS\SYSTEM32\apphelp.dll
0x00007ff9c5140000 - 0x00007ff9c528b000 	C:\WINDOWS\System32\ucrtbase.dll
0x00007ff9aa830000 - 0x00007ff9aa84e000 	C:\Program Files\Eclipse Adoptium\jdk-25.0.2.10-hotspot\bin\VCRUNTIME140.dll
0x00007ff9ab3e0000 - 0x00007ff9ab3f6000 	C:\Program Files\Eclipse Adoptium\jdk-25.0.2.10-hotspot\bin\jli.dll
0x00007ff9c7830000 - 0x00007ff9c79f5000 	C:\WINDOWS\System32\USER32.dll
0x00007ff9c5340000 - 0x00007ff9c5367000 	C:\WINDOWS\System32\win32u.dll
0x00007ff9a7580000 - 0x00007ff9a7813000 	C:\WINDOWS\WinSxS\amd64_microsoft.windows.common-controls_6595b64144ccf1df_6.0.26100.8115_none_3e075c82e3354f9c\COMCTL32.dll
0x00007ff9c6450000 - 0x00007ff9c647b000 	C:\WINDOWS\System32\GDI32.dll
0x00007ff9c62c0000 - 0x00007ff9c6369000 	C:\WINDOWS\System32\msvcrt.dll
0x00007ff9c4710000 - 0x00007ff9c483b000 	C:\WINDOWS\System32\gdi32full.dll
0x00007ff9c5370000 - 0x00007ff9c5413000 	C:\WINDOWS\System32\msvcp_win.dll
0x00007ff9c5b30000 - 0x00007ff9c5b62000 	C:\WINDOWS\System32\IMM32.DLL
0x00007ff9bd160000 - 0x00007ff9bd16c000 	C:\Program Files\Eclipse Adoptium\jdk-25.0.2.10-hotspot\bin\vcruntime140_1.dll
0x00007ff966fd0000 - 0x00007ff96705d000 	C:\Program Files\Eclipse Adoptium\jdk-25.0.2.10-hotspot\bin\msvcp140.dll
0x00007ff88b800000 - 0x00007ff88c726000 	C:\Program Files\Eclipse Adoptium\jdk-25.0.2.10-hotspot\bin\server\jvm.dll
0x00007ff9c60d0000 - 0x00007ff9c6186000 	C:\WINDOWS\System32\ADVAPI32.dll
0x00007ff9c6e90000 - 0x00007ff9c6f37000 	C:\WINDOWS\System32\sechost.dll
0x00007ff9c7020000 - 0x00007ff9c7138000 	C:\WINDOWS\System32\RPCRT4.dll
0x00007ff9c61a0000 - 0x00007ff9c6220000 	C:\WINDOWS\System32\WS2_32.dll
0x00007ff9c2f10000 - 0x00007ff9c2f6e000 	C:\WINDOWS\SYSTEM32\POWRPROF.dll
0x00007ff9b69c0000 - 0x00007ff9b69f6000 	C:\WINDOWS\SYSTEM32\WINMM.dll
0x00007ff9ba700000 - 0x00007ff9ba70b000 	C:\WINDOWS\SYSTEM32\VERSION.dll
0x00007ff9c2ef0000 - 0x00007ff9c2f04000 	C:\WINDOWS\SYSTEM32\UMPDC.dll
0x00007ff9c31c0000 - 0x00007ff9c31db000 	C:\WINDOWS\SYSTEM32\kernel.appcore.dll
0x00007ff9ac8a0000 - 0x00007ff9ac8aa000 	C:\Program Files\Eclipse Adoptium\jdk-25.0.2.10-hotspot\bin\jimage.dll
0x00007ff9c21c0000 - 0x00007ff9c2402000 	C:\WINDOWS\SYSTEM32\DBGHELP.DLL
0x00007ff9c7490000 - 0x00007ff9c7812000 	C:\WINDOWS\System32\combase.dll
0x00007ff9c6370000 - 0x00007ff9c6448000 	C:\WINDOWS\System32\OLEAUT32.dll
0x00007ff9af510000 - 0x00007ff9af54b000 	C:\WINDOWS\SYSTEM32\dbgcore.DLL
0x00007ff9c5290000 - 0x00007ff9c5335000 	C:\WINDOWS\System32\bcryptPrimitives.dll
0x00007ff979520000 - 0x00007ff97952f000 	C:\Program Files\Eclipse Adoptium\jdk-25.0.2.10-hotspot\bin\instrument.dll
0x00007ff9aa800000 - 0x00007ff9aa81e000 	C:\Program Files\Eclipse Adoptium\jdk-25.0.2.10-hotspot\bin\java.dll
0x00007ff9c6cf0000 - 0x00007ff9c6e87000 	C:\WINDOWS\System32\ole32.dll
0x00007ff9c6580000 - 0x00007ff9c6ce7000 	C:\WINDOWS\System32\SHELL32.dll
0x00007ff9c5420000 - 0x00007ff9c558a000 	C:\WINDOWS\System32\wintypes.dll
0x00007ff9c4840000 - 0x00007ff9c50a8000 	C:\WINDOWS\System32\windows.storage.dll
0x00007ff9c5a30000 - 0x00007ff9c5b28000 	C:\WINDOWS\System32\SHCORE.dll
0x00007ff9c7420000 - 0x00007ff9c7486000 	C:\WINDOWS\System32\shlwapi.dll
0x00007ff9c4230000 - 0x00007ff9c4259000 	C:\WINDOWS\SYSTEM32\profapi.dll
0x00007ff98e330000 - 0x00007ff98e347000 	C:\Program Files\Eclipse Adoptium\jdk-25.0.2.10-hotspot\bin\zip.dll
0x00007ff9aa430000 - 0x00007ff9aa441000 	C:\Program Files\Eclipse Adoptium\jdk-25.0.2.10-hotspot\bin\net.dll
0x00007ff9c3730000 - 0x00007ff9c379c000 	C:\WINDOWS\system32\mswsock.dll
0x00007ff99b820000 - 0x00007ff99b836000 	C:\Program Files\Eclipse Adoptium\jdk-25.0.2.10-hotspot\bin\nio.dll
0x00007ff9ac780000 - 0x00007ff9ac790000 	C:\Program Files\Eclipse Adoptium\jdk-25.0.2.10-hotspot\bin\verify.dll
0x00007ff9a9020000 - 0x00007ff9a9047000 	C:\Users\aleja\.gradle\native\1def1411415f61bf3af743bc5b6707747c0891f09f0c88961ee8f79bc544acac\windows-amd64\native-platform.dll
0x0000000000c10000 - 0x0000000000c83000 	C:\Users\aleja\.gradle\native\0.2.5\x86_64-windows-gnu\gradle-fileevents.dll
0x00007ff9aae10000 - 0x00007ff9aae1a000 	C:\Program Files\Eclipse Adoptium\jdk-25.0.2.10-hotspot\bin\management.dll
0x00007ff9aae00000 - 0x00007ff9aae0c000 	C:\Program Files\Eclipse Adoptium\jdk-25.0.2.10-hotspot\bin\management_ext.dll
0x00007ff9c6550000 - 0x00007ff9c6558000 	C:\WINDOWS\System32\PSAPI.DLL
0x00007ff9c3a10000 - 0x00007ff9c3a2b000 	C:\WINDOWS\SYSTEM32\CRYPTSP.dll
0x00007ff9c3120000 - 0x00007ff9c3159000 	C:\WINDOWS\system32\rsaenh.dll
0x00007ff9c37e0000 - 0x00007ff9c3813000 	C:\WINDOWS\SYSTEM32\USERENV.dll
0x00007ff9c4200000 - 0x00007ff9c422a000 	C:\WINDOWS\SYSTEM32\bcrypt.dll
0x00007ff9c3a30000 - 0x00007ff9c3a3c000 	C:\WINDOWS\SYSTEM32\CRYPTBASE.dll
0x00007ff9c2ae0000 - 0x00007ff9c2b12000 	C:\WINDOWS\SYSTEM32\IPHLPAPI.DLL
0x00007ff9c60c0000 - 0x00007ff9c60ca000 	C:\WINDOWS\System32\NSI.dll
0x00007ff9aa420000 - 0x00007ff9aa429000 	C:\Program Files\Eclipse Adoptium\jdk-25.0.2.10-hotspot\bin\extnet.dll
0x00007ff9aae60000 - 0x00007ff9aae6e000 	C:\Program Files\Eclipse Adoptium\jdk-25.0.2.10-hotspot\bin\sunmscapi.dll
0x00007ff9c5590000 - 0x00007ff9c5707000 	C:\WINDOWS\System32\CRYPT32.dll
0x00007ff9c3c30000 - 0x00007ff9c3c60000 	C:\WINDOWS\SYSTEM32\ncrypt.dll
0x00007ff9c3be0000 - 0x00007ff9c3c1f000 	C:\WINDOWS\SYSTEM32\NTASN1.dll
0x00007ff98e310000 - 0x00007ff98e318000 	C:\WINDOWS\system32\wshunix.dll
0x0000000000c90000 - 0x0000000000d03000 	C:\Users\aleja\AppData\Local\Temp\native-platform16429344875130767000dir\gradle-fileevents.dll

JVMTI agents:
C:\Users\aleja\.gradle\wrapper\dists\gradle-8.12-bin\cetblhg4pflnnks72fxwobvgv\gradle-8.12\lib\agents\gradle-instrumentation-agent-8.12.jar path:C:\Program Files\Eclipse Adoptium\jdk-25.0.2.10-hotspot\bin\instrument.dll, loaded, initialized, instrumentlib options:none

dbghelp: loaded successfully - version: 4.0.5 - missing functions: none
symbol engine: initialized successfully - sym options: 0x614 - pdb path: .;C:\Program Files\Eclipse Adoptium\jdk-25.0.2.10-hotspot\bin;C:\WINDOWS\SYSTEM32;C:\WINDOWS\WinSxS\amd64_microsoft.windows.common-controls_6595b64144ccf1df_6.0.26100.8115_none_3e075c82e3354f9c;C:\Program Files\Eclipse Adoptium\jdk-25.0.2.10-hotspot\bin\server;C:\Users\aleja\.gradle\native\1def1411415f61bf3af743bc5b6707747c0891f09f0c88961ee8f79bc544acac\windows-amd64;C:\Users\aleja\.gradle\native\0.2.5\x86_64-windows-gnu;C:\Users\aleja\AppData\Local\Temp\native-platform16429344875130767000dir

VM Arguments:
jvm_args: --add-opens=java.base/java.lang=ALL-UNNAMED --add-opens=java.base/java.lang.invoke=ALL-UNNAMED --add-opens=java.base/java.util=ALL-UNNAMED --add-opens=java.prefs/java.util.prefs=ALL-UNNAMED --add-exports=jdk.compiler/com.sun.tools.javac.api=ALL-UNNAMED --add-exports=jdk.compiler/com.sun.tools.javac.util=ALL-UNNAMED --add-opens=java.base/java.util=ALL-UNNAMED --add-opens=java.prefs/java.util.prefs=ALL-UNNAMED --add-opens=java.base/java.nio.charset=ALL-UNNAMED --add-opens=java.base/java.net=ALL-UNNAMED --add-opens=java.base/java.util.concurrent.atomic=ALL-UNNAMED --add-opens=java.xml/javax.xml.namespace=ALL-UNNAMED -Xmx2048m -Dfile.encoding=UTF-8 -Duser.country=ES -Duser.language=es -Duser.variant -javaagent:C:\Users\aleja\.gradle\wrapper\dists\gradle-8.12-bin\cetblhg4pflnnks72fxwobvgv\gradle-8.12\lib\agents\gradle-instrumentation-agent-8.12.jar 
java_command: org.gradle.launcher.daemon.bootstrap.GradleDaemon 8.12
java_class_path (initial): C:\Users\aleja\.gradle\wrapper\dists\gradle-8.12-bin\cetblhg4pflnnks72fxwobvgv\gradle-8.12\lib\gradle-daemon-main-8.12.jar
Launcher Type: SUN_STANDARD

[Global flags]
     intx CICompilerCount                          = 4                                         {product} {ergonomic}
     uint ConcGCThreads                            = 3                                         {product} {ergonomic}
     uint G1ConcRefinementThreads                  = 10                                        {product} {ergonomic}
   size_t G1HeapRegionSize                         = 1048576                                   {product} {ergonomic}
   size_t InitialHeapSize                          = 264241152                                 {product} {ergonomic}
   size_t MarkStackSize                            = 4194304                                   {product} {ergonomic}
   size_t MarkStackSizeMax                         = 536870912                                 {product} {ergonomic}
   size_t MaxHeapSize                              = 2147483648                                {product} {command line}
   size_t MaxNewSize                               = 1287651328                                {product} {ergonomic}
   size_t MinHeapDeltaBytes                        = 1048576                                   {product} {ergonomic}
   size_t MinHeapSize                              = 8388608                                   {product} {ergonomic}
    uintx NonNMethodCodeHeapSize                   = 5832704                                {pd product} {ergonomic}
    uintx NonProfiledCodeHeapSize                  = 122945536                              {pd product} {ergonomic}
    uintx ProfiledCodeHeapSize                     = 122880000                              {pd product} {ergonomic}
    uintx ReservedCodeCacheSize                    = 251658240                              {pd product} {ergonomic}
     bool SegmentedCodeCache                       = true                                      {product} {ergonomic}
   size_t SoftMaxHeapSize                          = 2147483648                             {manageable} {ergonomic}
     bool UseCompressedOops                        = true                           {product lp64_product} {ergonomic}
     bool UseG1GC                                  = true                                      {product} {ergonomic}
     bool UseLargePagesIndividualAllocation        = false                                  {pd product} {ergonomic}

Logging:
Log output configuration:
 #0: stdout all=warning uptime,level,tags foldmultilines=false
 #1: stderr all=off uptime,level,tags foldmultilines=false

Release file:
IMPLEMENTOR="Eclipse Adoptium" 
IMPLEMENTOR_VERSION="Temurin-25.0.2+10" 
JAVA_RUNTIME_VERSION="25.0.2+10-LTS" 
JAVA_VERSION="25.0.2" 
JAVA_VERSION_DATE="2026-01-20" 
LIBC="default" 
MODULES="java.base java.compiler java.datatransfer java.xml java.prefs java.desktop java.instrument java.logging java.management java.security.sasl java.naming java.rmi java.management.rmi java.net.http java.scripting java.security.jgss java.transaction.xa java.sql java.sql.rowset java.xml.crypto java.se java.smartcardio jdk.accessibility jdk.internal.jvmstat jdk.attach jdk.charsets jdk.internal.opt jdk.zipfs jdk.compiler jdk.crypto.cryptoki jdk.crypto.ec jdk.crypto.mscapi jdk.dynalink jdk.internal.ed jdk.editpad jdk.internal.vm.ci jdk.graal.compiler jdk.graal.compiler.management jdk.hotspot.agent jdk.httpserver jdk.incubator.vector jdk.internal.le jdk.internal.md jdk.jartool jdk.javadoc jdk.jcmd jdk.management jdk.management.agent jdk.jconsole jdk.jdeps jdk.jdwp.agent jdk.jdi jdk.jfr jdk.jlink jdk.jpackage jdk.jshell jdk.jsobject jdk.jstatd jdk.localedata jdk.management.jfr jdk.naming.dns jdk.naming.rmi jdk.net jdk.nio.mapmode jdk.sctp jdk.security.auth jdk.security.jgss jdk.unsupported jdk.unsupported.desktop jdk.xml.dom" 
OS_ARCH="x86_64" 
OS_NAME="Windows" 
SOURCE=".:git:9e3c947043a4" 
BUILD_SOURCE="git:458965074606f027bd5afce2cfd5c1055dea0438"
BUILD_SOURCE_REPO="https://github.com/adoptium/temurin-build.git"
SOURCE_REPO="https://github.com/adoptium/jdk25u.git"
FULL_VERSION="25.0.2+10-LTS"
SEMANTIC_VERSION="25.0.2+10"
BUILD_INFO="OS: Windows Server 2022 Version: 10.0"
JVM_VARIANT="Hotspot"
JVM_VERSION="25.0.2+10-LTS"
IMAGE_TYPE="JDK"

Environment Variables:
JAVA_HOME=C:\Program Files\Eclipse Adoptium\jdk-25.0.2.10-hotspot\
PATH=C:\Users\aleja\AppData\Local\Programs\Microsoft VS Code;C:\Program Files\Eclipse Adoptium\jdk-25.0.2.10-hotspot\bin;C:\Program Files\Common Files\Oracle\Java\javapath;C:\WINDOWS\system32;C:\WINDOWS;C:\WINDOWS\System32\Wbem;C:\WINDOWS\System32\WindowsPowerShell\v1.0\;C:\WINDOWS\System32\OpenSSH\;C:\Program Files (x86)\NVIDIA Corporation\PhysX\Common;C:\Program Files\dotnet\;C:\Program Files\Git\cmd;C:\Program Files\Microsoft SQL Server\150\Tools\Binn\;C:\Program Files\Microsoft SQL Server\Client SDK\ODBC\170\Tools\Binn\;C:\Program Files\NVIDIA Corporation\NVIDIA app\NvDLISR;C:\Program Files\Docker\Docker\resources\bin;C:\Program Files\doxygen\bin;C:\Program Files (x86)\Graphviz\bin;C:\Program Files\nodejs\;C:\Program Files\Go\bin;C:\Program Files\GitHub CLI\;C:\Users\aleja\bin;C:\Users\aleja\AppData\Local\engram\bin;C:\Users\aleja\scoop\shims;C:\Program Files\MySQL\MySQL Shell 8.0\bin\;C:\Users\aleja\AppData\Local\Programs\Python\Launcher\;C:\Users\aleja\AppData\Local\Microsoft\WindowsApps;C:\Users\aleja\AppData\Local\Programs\Microsoft VS Code\bin;C:\Users\aleja\.dotnet\tools;C:\Users\aleja\AppData\Local\JetBrains\Toolbox\scripts;C:\Users\aleja\AppData\Local\Microsoft\WindowsApps;C:\Users\aleja\AppData\Local\Programs\MiKTeX\miktex\bin\x64\;C:\php-8.3.21-Win32-vs16-x64;C:\Users\aleja\.dotnet\tools;C:\Users\aleja\.gradle\wrapper\dists\gradle-8.0-bin\ca5e32bp14vu59qr306oxotwh\gradle-8.0\bin;C:\Users\aleja\AppData\Local\reflex\bun\bin;C:\mongodb-database-tools-windows-x86_64-100.14.1\bin;C:\Users\aleja\AppData\Roaming\npm;C:\Users\aleja\go\bin;C:\Users\aleja\AppData\Local\Programs\Antigravity\bin
USERNAME=aleja
OS=Windows_NT
PROCESSOR_IDENTIFIER=Intel64 Family 6 Model 141 Stepping 1, GenuineIntel
TMP=C:\Users\aleja\AppData\Local\Temp
TEMP=C:\Users\aleja\AppData\Local\Temp




Compilation memory statistics disabled.

Periodic native trim disabled

---------------  S Y S T E M  ---------------

OS:
 Windows 11 , 64 bit Build 26100 (10.0.26100.8246)
OS uptime: 0 days 11:13 hours
Hyper-V role detected

CPU: total 12 (initial active 12) (6 cores per cpu, 2 threads per core) family 6 model 141 stepping 1 microcode 0x50, cx8, cmov, fxsr, ht, mmx, 3dnowpref, sse, sse2, sse3, ssse3, sse4.1, sse4.2, popcnt, lzcnt, tsc, tscinvbit, avx, avx2, aes, erms, clmul, bmi1, bmi2, adx, avx512f, avx512dq, avx512cd, avx512bw, avx512vl, sha, fma, vzeroupper, avx512_vpopcntdq, avx512_vpclmulqdq, avx512_vaes, avx512_vnni, clflush, clflushopt, clwb, avx512_vbmi2, avx512_vbmi, hv, rdtscp, rdpid, fsrm, gfni, avx512_bitalg, f16c, cet_ibt, cet_ss, avx512_ifma
Processor Information for the first 12 processors :
  Max Mhz: 2688, Current Mhz: 2688, Mhz Limit: 2688

Memory: 4k page, system-wide physical 16122M (829M free)
TotalPageFile size 39923M (AvailPageFile size 35M)
current process WorkingSet (physical memory assigned to process): 141M, peak: 264M
current process commit charge ("private bytes"): 239M, peak: 459M

vm_info: OpenJDK 64-Bit Server VM (25.0.2+10-LTS) for windows-amd64 JRE (25.0.2+10-LTS), built on 2026-01-20T00:00:00Z with MS VC++ 17.12 (VS2022)

END.
